<?xml version="1.0" encoding="UTF-8"?>
<!-- Generated by org.testng.reporters.JUnitXMLReporter -->
<testsuite ignored="0" hostname="DESKTOP-KQBH998" failures="1" tests="4" name="Test" time="72.949" errors="0" timestamp="2024-01-05T19:07:04 IST">
  <testcase classname="com.Day1" name="loginCheck" time="19.369"/>
  <testcase classname="com.Day1" name="loginCheck" time="17.251">
    <failure type="java.lang.AssertionError" message="expected [Guru99 Bank Home Page1] but found [Guru99 Bank Home Page]">
      <![CDATA[java.lang.AssertionError: expected [Guru99 Bank Home Page1] but found [Guru99 Bank Home Page]
at com.Day1.loginCheck(Day1.java:40)
at java.base/java.util.ArrayList.forEach(ArrayList.java:1511)
... Removed 33 stack frames]]>
    </failure>
  </testcase> <!-- loginCheck -->
  <testcase classname="com.Day1" name="loginCheck" time="19.409"/>
  <testcase classname="com.Day1" name="loginCheck" time="16.681"/>
</testsuite> <!-- Test -->
